<?xml version="1.0" encoding="UTF-8"?>
<coverage generated="1682864057513" clover="3.2.0">
  <project timestamp="1682864057513" name="All files">
    <metrics statements="16" coveredstatements="16" conditionals="14" coveredconditionals="14" methods="2" coveredmethods="2" elements="32" coveredelements="32" complexity="0" loc="16" ncloc="16" packages="1" files="1" classes="1"/>
    <file name="calculator.js" path="C:\Users\Ya Kareem\Desktop\foothill-training\unit testing\test\calculator.js">
      <metrics statements="16" coveredstatements="16" conditionals="14" coveredconditionals="14" methods="2" coveredmethods="2"/>
      <line num="1" count="1" type="stmt"/>
      <line num="2" count="18" type="cond" truecount="4" falsecount="0"/>
      <line num="3" count="15" type="stmt"/>
      <line num="4" count="15" type="cond" truecount="2" falsecount="0"/>
      <line num="6" count="3" type="cond" truecount="2" falsecount="0"/>
      <line num="7" count="1" type="stmt"/>
      <line num="9" count="2" type="stmt"/>
      <line num="11" count="12" type="stmt"/>
      <line num="12" count="12" type="stmt"/>
      <line num="13" count="28" type="stmt"/>
      <line num="14" count="28" type="cond" truecount="2" falsecount="0"/>
      <line num="15" count="26" type="cond" truecount="2" falsecount="0"/>
      <line num="16" count="23" type="cond" truecount="2" falsecount="0"/>
      <line num="17" count="19" type="stmt"/>
      <line num="18" count="23" type="stmt"/>
      <line num="22" count="1" type="stmt"/>
    </file>
  </project>
</coverage>
