{"C:\\Users\\Ya Kareem\\Desktop\\foothill-training\\unit testing\\test\\calculator.js": {"path":"C:\\Users\\Ya Kareem\\Desktop\\foothill-training\\unit testing\\test\\calculator.js","statementMap":{"0":{"start":{"line":1,"column":20},"end":{"line":21,"column":1}},"1":{"start":{"line":2,"column":4},"end":{"line":2,"column":52}},"2":{"start":{"line":2,"column":42},"end":{"line":2,"column":52}},"3":{"start":{"line":3,"column":4},"end":{"line":3,"column":18}},"4":{"start":{"line":4,"column":4},"end":{"line":10,"column":5}},"5":{"start":{"line":6,"column":8},"end":{"line":9,"column":32}},"6":{"start":{"line":7,"column":12},"end":{"line":7,"column":63}},"7":{"start":{"line":9,"column":12},"end":{"line":9,"column":32}},"8":{"start":{"line":11,"column":20},"end":{"line":11,"column":34}},"9":{"start":{"line":12,"column":4},"end":{"line":19,"column":10}},"10":{"start":{"line":13,"column":8},"end":{"line":13,"column":27}},"11":{"start":{"line":14,"column":8},"end":{"line":17,"column":22}},"12":{"start":{"line":14,"column":16},"end":{"line":14,"column":67}},"13":{"start":{"line":15,"column":13},"end":{"line":17,"column":22}},"14":{"start":{"line":15,"column":25},"end":{"line":15,"column":61}},"15":{"start":{"line":16,"column":13},"end":{"line":17,"column":22}},"16":{"start":{"line":16,"column":29},"end":{"line":16,"column":37}},"17":{"start":{"line":17,"column":14},"end":{"line":17,"column":22}},"18":{"start":{"line":18,"column":8},"end":{"line":18,"column":18}},"19":{"start":{"line":22,"column":0},"end":{"line":22,"column":27}}},"fnMap":{"0":{"name":"(anonymous_0)","decl":{"start":{"line":1,"column":20},"end":{"line":1,"column":21}},"loc":{"start":{"line":1,"column":34},"end":{"line":21,"column":1}},"line":1},"1":{"name":"(anonymous_1)","decl":{"start":{"line":12,"column":26},"end":{"line":12,"column":27}},"loc":{"start":{"line":12,"column":39},"end":{"line":19,"column":5}},"line":12}},"branchMap":{"0":{"loc":{"start":{"line":2,"column":4},"end":{"line":2,"column":52}},"type":"if","locations":[{"start":{"line":2,"column":4},"end":{"line":2,"column":52}},{"start":{},"end":{}}],"line":2},"1":{"loc":{"start":{"line":2,"column":7},"end":{"line":2,"column":39}},"type":"binary-expr","locations":[{"start":{"line":2,"column":7},"end":{"line":2,"column":23}},{"start":{"line":2,"column":27},"end":{"line":2,"column":39}}],"line":2},"2":{"loc":{"start":{"line":4,"column":4},"end":{"line":10,"column":5}},"type":"if","locations":[{"start":{"line":4,"column":4},"end":{"line":10,"column":5}},{"start":{},"end":{}}],"line":4},"3":{"loc":{"start":{"line":6,"column":8},"end":{"line":9,"column":32}},"type":"if","locations":[{"start":{"line":6,"column":8},"end":{"line":9,"column":32}},{"start":{"line":9,"column":12},"end":{"line":9,"column":32}}],"line":6},"4":{"loc":{"start":{"line":14,"column":8},"end":{"line":17,"column":22}},"type":"if","locations":[{"start":{"line":14,"column":8},"end":{"line":17,"column":22}},{"start":{"line":15,"column":13},"end":{"line":17,"column":22}}],"line":14},"5":{"loc":{"start":{"line":15,"column":13},"end":{"line":17,"column":22}},"type":"if","locations":[{"start":{"line":15,"column":13},"end":{"line":17,"column":22}},{"start":{"line":16,"column":13},"end":{"line":17,"column":22}}],"line":15},"6":{"loc":{"start":{"line":16,"column":13},"end":{"line":17,"column":22}},"type":"if","locations":[{"start":{"line":16,"column":13},"end":{"line":17,"column":22}},{"start":{"line":17,"column":14},"end":{"line":17,"column":22}}],"line":16}},"s":{"0":1,"1":18,"2":3,"3":15,"4":15,"5":3,"6":1,"7":2,"8":12,"9":12,"10":28,"11":28,"12":2,"13":26,"14":3,"15":23,"16":4,"17":19,"18":23,"19":1},"f":{"0":18,"1":28},"b":{"0":[3,15],"1":[18,17],"2":[3,12],"3":[1,2],"4":[2,26],"5":[3,23],"6":[4,19]},"_coverageSchema":"1a1c01bbd47fc00a2c39e90264f33305004495a9","hash":"38570e622d3bf830791594bafdb00a1464b6ff57"}
}
